2019/06/08 22:50:13:433 INFO K$a.b: Got updated scene model [placeId=116, config=[type=data.LevelSceneConfig, aDh=null, aDi=true], scene=398/%dungeon:m.tutorial_b/2008778103]
2019/06/08 22:58:37:002 INFO K$a.b: Got updated scene model [placeId=2020, config=[type=data.TownSceneConfig, ], scene=217/%town:m.rescue_camp_state_1/292]
2019/06/08 23:01:48:021 INFO K$a.b: Got updated scene model [placeId=1714, config=[type=data.LevelSceneConfig, aDh=null, aDi=true], scene=354/%dungeon:m.mission_lobby/-1172189096]
2019/06/08 23:03:42:988 INFO K$a.b: Got updated scene model [placeId=1717, config=[type=data.LevelSceneConfig, aDh=null, aDi=true], scene=337/%dungeon:m.training_grounds_generator/-1986457641]
2019/06/08 23:11:48:991 INFO K$a.b: Got updated scene model [placeId=1916, config=[type=data.TownSceneConfig, ], scene=218/%town:m.rescue_camp_state_2/293]
2019/06/08 23:13:41:493 INFO K$a.b: Got updated scene model [placeId=574, config=[type=data.LevelSceneConfig, aDh=null, aDi=true], scene=355/%dungeon:m.mission_lobby/278]
2019/06/08 23:14:53:526 INFO K$a.b: Got updated scene model [placeId=576, config=[type=data.LevelSceneConfig, aDh=null, aDi=true], scene=314/%dungeon:m.final_test/-1986457641]
2019/06/08 23:22:08:746 INFO K$a.b: Got updated scene model [placeId=602, config=[type=data.LevelSceneConfig, aDh=null, aDi=true], scene=345/%dungeon:%town:m.haven/277]
2019/06/08 23:24:28:080 INFO K$a.b: Got updated scene model [placeId=1187, config=[type=data.TownSceneConfig, ], scene=1/%town:m.haven_town_square/1112110784]
2019/06/08 23:25:58:764 INFO K$a.b: Got updated scene model [placeId=3103, config=[type=data.TownSceneConfig, ], scene=3/%town:m.haven_arcade/-1324583766]
2019/06/08 23:26:24:564 INFO K$a.b: Got updated scene model [placeId=1190, config=[type=data.TownSceneConfig, ], scene=2/%town:m.haven_bazaar/-250042096]
2019/06/08 23:27:00:815 INFO K$a.b: Got updated scene model [placeId=454, config=[type=data.LevelSceneConfig, aDh=null, aDi=true], scene=28906/%dungeon:m.advanced_training/199]
2019/06/08 23:28:13:565 INFO K$a.b: Got updated scene model [placeId=692, config=[type=data.TrainingSceneConfig, aDh=null, aDi=true], scene=294/%dungeon:m.advanced_training/276]
2019/06/08 23:29:11:316 INFO K$a.b: Got updated scene model [placeId=114, config=[type=data.LevelSceneConfig, aDh=null, aDi=true], scene=438/%dungeon:m.haven_laboratory/1273171786]
2019/06/08 23:29:44:199 INFO K$a.b: Got updated scene model [placeId=1935, config=[type=data.LevelSceneConfig, aDh=null, aDi=true], scene=351/%dungeon:m.mission_lobby/1729566463]
2019/06/08 23:30:44:249 INFO K$a.b: Got updated scene model [placeId=1938, config=[type=data.LevelSceneConfig, aDh=null, aDi=true], scene=25140/%dungeon:m.mission_drakon_1/1209327251]
2019/06/08 23:38:33:669 INFO K$a.b: Got updated scene model [placeId=1942, config=[type=data.LevelSceneConfig, aDh=null, aDi=true], scene=25136/%dungeon:m.mission_drakon_2/224]
2019/06/08 23:43:43:871 INFO K$a.b: Got updated scene model [placeId=747, config=[type=data.LevelSceneConfig, aDh=null, aDi=true], scene=25133/%dungeon:m.haven_laboratory/-1374011038]
2019/06/08 23:45:52:604 INFO K$a.b: Got updated scene model [placeId=186, config=[type=data.LevelSceneConfig, aDh=null, aDi=true], scene=25129/%dungeon:m.mission_seraphynx_1/1209325251]
2019/06/08 23:57:14:091 INFO K$a.b: Got updated scene model [placeId=214, config=[type=data.LevelSceneConfig, aDh=null, aDi=true], scene=25139/%dungeon:m.mission_seraphynx_2/222]
2019/06/09 00:02:28:827 INFO K$a.b: Got updated scene model [placeId=1183, config=[type=data.LevelSceneConfig, aDh=null, aDi=true], scene=25135/%dungeon:m.haven_laboratory/-361319506]
2019/06/09 00:04:06:610 INFO K$a.b: Got updated scene model [placeId=2400, config=[type=data.LevelSceneConfig, aDh=null, aDi=true], scene=25137/%dungeon:m.mission_maskewraith_1/-1172246096]
2019/06/09 00:11:55:796 INFO K$a.b: Got updated scene model [placeId=2425, config=[type=data.LevelSceneConfig, aDh=null, aDi=true], scene=25138/%dungeon:m.mission_maskewraith_2/223]
2019/06/09 00:17:13:031 INFO K$a.b: Got updated scene model [placeId=521, config=[type=data.LevelSceneConfig, aDh=null, aDi=true], scene=25134/%dungeon:m.haven_laboratory/-1437029662]
2019/06/09 00:19:25:749 INFO K$a.b: Got updated scene model [placeId=577, config=[type=data.LevelSceneConfig, aDh=null, aDi=true], scene=437/%dungeon:m.haven_laboratory/2079409070]
2019/06/09 00:20:36:282 INFO K$a.b: Got updated scene model [placeId=1177, config=[type=data.LevelSceneConfig, aDh=null, aDi=true], scene=1073741880/%dungeon:m.ct_construct/1]
2019/06/09 00:25:24:567 INFO K$a.b: Got updated scene model [placeId=1188, config=[type=data.LevelSceneConfig, aDh=null, aDi=true], scene=440/%dungeon:m.mission_collector/-1986478821]
2019/06/09 00:35:57:371 INFO K$a.b: Got updated scene model [placeId=1206, config=[type=data.LevelSceneConfig, aDh=null, aDi=true], scene=25131/%dungeon:m.haven_laboratory/1847817314]
